build/app/intermediates/manifest_merge_blame_file/debug/manifest-merger-blame-debug-report.txt
1<?xml version="1.0" encoding="utf-8"?>
2<manifest xmlns:android="http://schemas.android.com/apk/res/android"
3    package="com.cezar.ecommerce_app"
4    android:versionCode="1"
5    android:versionName="1.0.0" >
6
7    <uses-sdk
8        android:minSdkVersion="16"
9        android:targetSdkVersion="30" />
10    <!--
11         Flutter needs it to communicate with the running application
12         to allow setting breakpoints, to provide hot reload, etc.
13    -->
14    <uses-permission android:name="android.permission.INTERNET" />
14-->src\main\AndroidManifest.xml:3:5-67
14-->src\main\AndroidManifest.xml:3:22-64
15    <uses-permission android:name="android.permission.ACCESS_NETWORK_STATE" />
15-->[com.google.firebase:firebase-auth:21.0.1] AndroidManifest.xml:24:5-79
15-->[com.google.firebase:firebase-auth:21.0.1] AndroidManifest.xml:24:22-76
16    <uses-permission android:name="android.permission.WAKE_LOCK" />
16-->[com.google.android.gms:play-services-measurement-api:19.0.1] AndroidManifest.xml:24:5-68
16-->[com.google.android.gms:play-services-measurement-api:19.0.1] AndroidManifest.xml:24:22-65
17    <uses-permission android:name="com.google.android.finsky.permission.BIND_GET_INSTALL_REFERRER_SERVICE" />
17-->[com.google.android.gms:play-services-measurement:19.0.1] AndroidManifest.xml:26:5-110
17-->[com.google.android.gms:play-services-measurement:19.0.1] AndroidManifest.xml:26:22-107
18
19    <application
19-->src\main\AndroidManifest.xml:5:5-30:19
20        android:name="androidx.multidex.MultiDexApplication"
21        android:appComponentFactory="androidx.core.app.CoreComponentFactory"
21-->[androidx.core:core:1.3.2] AndroidManifest.xml:24:18-86
22        android:debuggable="true"
23        android:icon="@mipmap/ic_launcher"
23-->src\main\AndroidManifest.xml:5:48-82
24        android:label="ecommerce_app"
24-->src\main\AndroidManifest.xml:5:18-47
25        android:supportsRtl="true" >
25-->[com.facebook.android:facebook-android-sdk:8.2.0] AndroidManifest.xml:28:18-44
26        <activity
26-->src\main\AndroidManifest.xml:6:9-14:20
27            android:name="com.cezar.ecommerce_app.MainActivity"
27-->src\main\AndroidManifest.xml:6:19-47
28            android:configChanges="orientation|keyboardHidden|keyboard|screenSize|smallestScreenSize|locale|layoutDirection|fontScale|screenLayout|density|uiMode"
28-->src\main\AndroidManifest.xml:6:114-264
29            android:hardwareAccelerated="true"
29-->src\main\AndroidManifest.xml:6:265-299
30            android:launchMode="singleTop"
30-->src\main\AndroidManifest.xml:6:48-78
31            android:theme="@style/LaunchTheme"
31-->src\main\AndroidManifest.xml:6:79-113
32            android:windowSoftInputMode="adjustResize" >
32-->src\main\AndroidManifest.xml:6:300-342
33            <meta-data
33-->src\main\AndroidManifest.xml:7:13-120
34                android:name="io.flutter.embedding.android.NormalTheme"
34-->src\main\AndroidManifest.xml:7:24-79
35                android:resource="@style/NormalTheme" />
35-->src\main\AndroidManifest.xml:7:80-117
36            <meta-data
36-->src\main\AndroidManifest.xml:9:13-138
37                android:name="io.flutter.embedding.android.SplashScreenDrawable"
37-->src\main\AndroidManifest.xml:9:24-88
38                android:resource="@drawable/launch_background" />
38-->src\main\AndroidManifest.xml:9:89-135
39
40            <intent-filter>
40-->src\main\AndroidManifest.xml:10:13-13:29
41                <action android:name="android.intent.action.MAIN" />
41-->src\main\AndroidManifest.xml:11:17-69
41-->src\main\AndroidManifest.xml:11:25-66
42
43                <category android:name="android.intent.category.LAUNCHER" />
43-->src\main\AndroidManifest.xml:12:17-77
43-->src\main\AndroidManifest.xml:12:27-74
44            </intent-filter>
45        </activity>
46
47        <meta-data
47-->src\main\AndroidManifest.xml:15:9-72
48            android:name="flutterEmbedding"
48-->src\main\AndroidManifest.xml:15:20-51
49            android:value="2" />
49-->src\main\AndroidManifest.xml:15:52-69
50        <meta-data
50-->src\main\AndroidManifest.xml:16:9-108
51            android:name="com.facebook.sdk.ApplicationId"
51-->src\main\AndroidManifest.xml:16:20-65
52            android:value="@string/facebook_app_id" />
52-->src\main\AndroidManifest.xml:16:66-105
53
54        <activity
54-->src\main\AndroidManifest.xml:18:9-183
55            android:name="com.facebook.FacebookActivity"
55-->src\main\AndroidManifest.xml:18:19-63
56            android:configChanges="keyboard|keyboardHidden|screenLayout|screenSize|orientation"
56-->src\main\AndroidManifest.xml:18:64-147
57            android:label="@string/app_name"
57-->src\main\AndroidManifest.xml:18:148-180
58            android:theme="@style/com_facebook_activity_theme" />
58-->[com.facebook.android:facebook-common:11.1.1] AndroidManifest.xml:33:13-63
59        <activity
59-->src\main\AndroidManifest.xml:19:9-28:20
60            android:name="com.facebook.CustomTabActivity"
60-->src\main\AndroidManifest.xml:19:19-64
61            android:exported="true" >
61-->src\main\AndroidManifest.xml:19:65-88
62            <intent-filter>
62-->src\main\AndroidManifest.xml:20:13-27:29
63                <action android:name="android.intent.action.VIEW" />
63-->src\main\AndroidManifest.xml:21:17-69
63-->src\main\AndroidManifest.xml:21:25-66
64
65                <category android:name="android.intent.category.DEFAULT" />
65-->src\main\AndroidManifest.xml:23:17-76
65-->src\main\AndroidManifest.xml:23:27-73
66                <category android:name="android.intent.category.BROWSABLE" />
66-->src\main\AndroidManifest.xml:24:17-78
66-->src\main\AndroidManifest.xml:24:27-75
67
68                <data android:scheme="@string/fb_login_protocol_scheme" />
68-->src\main\AndroidManifest.xml:26:17-75
68-->src\main\AndroidManifest.xml:26:23-72
69            </intent-filter>
70            <intent-filter>
70-->[com.facebook.android:facebook-common:11.1.1] AndroidManifest.xml:39:13-48:29
71                <action android:name="android.intent.action.VIEW" />
71-->src\main\AndroidManifest.xml:21:17-69
71-->src\main\AndroidManifest.xml:21:25-66
72
73                <category android:name="android.intent.category.DEFAULT" />
73-->src\main\AndroidManifest.xml:23:17-76
73-->src\main\AndroidManifest.xml:23:27-73
74                <category android:name="android.intent.category.BROWSABLE" />
74-->src\main\AndroidManifest.xml:24:17-78
74-->src\main\AndroidManifest.xml:24:27-75
75
76                <data
76-->src\main\AndroidManifest.xml:26:17-75
77                    android:host="cct.com.cezar.ecommerce_app"
78                    android:scheme="fbconnect" />
78-->src\main\AndroidManifest.xml:26:23-72
79            </intent-filter>
80        </activity>
81
82        <service
82-->[:firebase_auth] AndroidManifest.xml:8:9-12:19
83            android:name="com.google.firebase.components.ComponentDiscoveryService"
83-->[:firebase_auth] AndroidManifest.xml:8:18-89
84            android:directBootAware="true"
84-->[com.google.firebase:firebase-common:20.0.0] AndroidManifest.xml:35:13-43
85            android:exported="false" >
85-->[com.google.firebase:firebase-auth:21.0.1] AndroidManifest.xml:76:13-37
86            <meta-data
86-->[:firebase_auth] AndroidManifest.xml:9:13-11:85
87                android:name="com.google.firebase.components:io.flutter.plugins.firebase.auth.FlutterFirebaseAuthRegistrar"
87-->[:firebase_auth] AndroidManifest.xml:10:17-124
88                android:value="com.google.firebase.components.ComponentRegistrar" />
88-->[:firebase_auth] AndroidManifest.xml:11:17-82
89            <meta-data
89-->[:cloud_firestore] AndroidManifest.xml:9:13-11:85
90                android:name="com.google.firebase.components:io.flutter.plugins.firebase.firestore.FlutterFirebaseFirestoreRegistrar"
90-->[:cloud_firestore] AndroidManifest.xml:10:17-134
91                android:value="com.google.firebase.components.ComponentRegistrar" />
91-->[:cloud_firestore] AndroidManifest.xml:11:17-82
92            <meta-data
92-->[:firebase_core] AndroidManifest.xml:9:13-11:85
93                android:name="com.google.firebase.components:io.flutter.plugins.firebase.core.FlutterFirebaseCoreRegistrar"
93-->[:firebase_core] AndroidManifest.xml:10:17-124
94                android:value="com.google.firebase.components.ComponentRegistrar" />
94-->[:firebase_core] AndroidManifest.xml:11:17-82
95            <meta-data
95-->[com.google.firebase:firebase-auth:21.0.1] AndroidManifest.xml:77:13-79:85
96                android:name="com.google.firebase.components:com.google.firebase.auth.FirebaseAuthRegistrar"
96-->[com.google.firebase:firebase-auth:21.0.1] AndroidManifest.xml:78:17-109
97                android:value="com.google.firebase.components.ComponentRegistrar" />
97-->[com.google.firebase:firebase-auth:21.0.1] AndroidManifest.xml:79:17-82
98            <meta-data
98-->[com.google.firebase:firebase-firestore:23.0.3] AndroidManifest.xml:20:13-22:85
99                android:name="com.google.firebase.components:com.google.firebase.firestore.FirestoreRegistrar"
99-->[com.google.firebase:firebase-firestore:23.0.3] AndroidManifest.xml:21:17-111
100                android:value="com.google.firebase.components.ComponentRegistrar" />
100-->[com.google.firebase:firebase-firestore:23.0.3] AndroidManifest.xml:22:17-82
101            <meta-data
101-->[com.google.android.gms:play-services-measurement-api:19.0.1] AndroidManifest.xml:30:13-32:85
102                android:name="com.google.firebase.components:com.google.firebase.analytics.connector.internal.AnalyticsConnectorRegistrar"
102-->[com.google.android.gms:play-services-measurement-api:19.0.1] AndroidManifest.xml:31:17-139
103                android:value="com.google.firebase.components.ComponentRegistrar" />
103-->[com.google.android.gms:play-services-measurement-api:19.0.1] AndroidManifest.xml:32:17-82
104            <meta-data
104-->[com.google.firebase:firebase-installations:17.0.0] AndroidManifest.xml:18:13-20:85
105                android:name="com.google.firebase.components:com.google.firebase.installations.FirebaseInstallationsRegistrar"
105-->[com.google.firebase:firebase-installations:17.0.0] AndroidManifest.xml:19:17-127
106                android:value="com.google.firebase.components.ComponentRegistrar" />
106-->[com.google.firebase:firebase-installations:17.0.0] AndroidManifest.xml:20:17-82
107        </service>
108
109        <activity android:name="com.facebook.CustomTabMainActivity" />
109-->[com.facebook.android:facebook-common:11.1.1] AndroidManifest.xml:34:9-71
109-->[com.facebook.android:facebook-common:11.1.1] AndroidManifest.xml:34:19-68
110        <!--
111         The initialization ContentProvider will call FacebookSdk.sdkInitialize automatically
112         with the application context. This config is merged in with the host app's manifest,
113         but there can only be one provider with the same authority activated at any given
114         point; so if the end user has two or more different apps that use Facebook SDK, only the
115         first one will be able to use the provider. To work around this problem, we use the
116         following placeholder in the authority to identify each host application as if it was
117         a completely different provider.
118        -->
119        <provider
119-->[com.facebook.android:facebook-core:11.1.1] AndroidManifest.xml:39:9-42:40
120            android:name="com.facebook.internal.FacebookInitProvider"
120-->[com.facebook.android:facebook-core:11.1.1] AndroidManifest.xml:40:13-70
121            android:authorities="com.cezar.ecommerce_app.FacebookInitProvider"
121-->[com.facebook.android:facebook-core:11.1.1] AndroidManifest.xml:41:13-72
122            android:exported="false" />
122-->[com.facebook.android:facebook-core:11.1.1] AndroidManifest.xml:42:13-37
123
124        <receiver
124-->[com.facebook.android:facebook-core:11.1.1] AndroidManifest.xml:44:9-50:20
125            android:name="com.facebook.CurrentAccessTokenExpirationBroadcastReceiver"
125-->[com.facebook.android:facebook-core:11.1.1] AndroidManifest.xml:45:13-86
126            android:exported="false" >
126-->[com.facebook.android:facebook-core:11.1.1] AndroidManifest.xml:46:13-37
127            <intent-filter>
127-->[com.facebook.android:facebook-core:11.1.1] AndroidManifest.xml:47:13-49:29
128                <action android:name="com.facebook.sdk.ACTION_CURRENT_ACCESS_TOKEN_CHANGED" />
128-->[com.facebook.android:facebook-core:11.1.1] AndroidManifest.xml:48:17-95
128-->[com.facebook.android:facebook-core:11.1.1] AndroidManifest.xml:48:25-92
129            </intent-filter>
130        </receiver>
131
132        <activity
132-->[com.google.firebase:firebase-auth:21.0.1] AndroidManifest.xml:27:9-44:20
133            android:name="com.google.firebase.auth.internal.GenericIdpActivity"
133-->[com.google.firebase:firebase-auth:21.0.1] AndroidManifest.xml:28:13-80
134            android:excludeFromRecents="true"
134-->[com.google.firebase:firebase-auth:21.0.1] AndroidManifest.xml:29:13-46
135            android:exported="true"
135-->[com.google.firebase:firebase-auth:21.0.1] AndroidManifest.xml:30:13-36
136            android:launchMode="singleTask"
136-->[com.google.firebase:firebase-auth:21.0.1] AndroidManifest.xml:31:13-44
137            android:theme="@android:style/Theme.Translucent.NoTitleBar" >
137-->[com.google.firebase:firebase-auth:21.0.1] AndroidManifest.xml:32:13-72
138            <intent-filter>
138-->[com.google.firebase:firebase-auth:21.0.1] AndroidManifest.xml:33:13-43:29
139                <action android:name="android.intent.action.VIEW" />
139-->src\main\AndroidManifest.xml:21:17-69
139-->src\main\AndroidManifest.xml:21:25-66
140
141                <category android:name="android.intent.category.DEFAULT" />
141-->src\main\AndroidManifest.xml:23:17-76
141-->src\main\AndroidManifest.xml:23:27-73
142                <category android:name="android.intent.category.BROWSABLE" />
142-->src\main\AndroidManifest.xml:24:17-78
142-->src\main\AndroidManifest.xml:24:27-75
143
144                <data
144-->src\main\AndroidManifest.xml:26:17-75
145                    android:host="firebase.auth"
146                    android:path="/"
147                    android:scheme="genericidp" />
147-->src\main\AndroidManifest.xml:26:23-72
148            </intent-filter>
149        </activity>
150        <activity
150-->[com.google.firebase:firebase-auth:21.0.1] AndroidManifest.xml:45:9-62:20
151            android:name="com.google.firebase.auth.internal.RecaptchaActivity"
151-->[com.google.firebase:firebase-auth:21.0.1] AndroidManifest.xml:46:13-79
152            android:excludeFromRecents="true"
152-->[com.google.firebase:firebase-auth:21.0.1] AndroidManifest.xml:47:13-46
153            android:exported="true"
153-->[com.google.firebase:firebase-auth:21.0.1] AndroidManifest.xml:48:13-36
154            android:launchMode="singleTask"
154-->[com.google.firebase:firebase-auth:21.0.1] AndroidManifest.xml:49:13-44
155            android:theme="@android:style/Theme.Translucent.NoTitleBar" >
155-->[com.google.firebase:firebase-auth:21.0.1] AndroidManifest.xml:50:13-72
156            <intent-filter>
156-->[com.google.firebase:firebase-auth:21.0.1] AndroidManifest.xml:51:13-61:29
157                <action android:name="android.intent.action.VIEW" />
157-->src\main\AndroidManifest.xml:21:17-69
157-->src\main\AndroidManifest.xml:21:25-66
158
159                <category android:name="android.intent.category.DEFAULT" />
159-->src\main\AndroidManifest.xml:23:17-76
159-->src\main\AndroidManifest.xml:23:27-73
160                <category android:name="android.intent.category.BROWSABLE" />
160-->src\main\AndroidManifest.xml:24:17-78
160-->src\main\AndroidManifest.xml:24:27-75
161
162                <data
162-->src\main\AndroidManifest.xml:26:17-75
163                    android:host="firebase.auth"
164                    android:path="/"
165                    android:scheme="recaptcha" />
165-->src\main\AndroidManifest.xml:26:23-72
166            </intent-filter>
167        </activity>
168
169        <service
169-->[com.google.firebase:firebase-auth:21.0.1] AndroidManifest.xml:64:9-73:19
170            android:name="com.google.firebase.auth.api.fallback.service.FirebaseAuthFallbackService"
170-->[com.google.firebase:firebase-auth:21.0.1] AndroidManifest.xml:65:13-101
171            android:enabled="true"
171-->[com.google.firebase:firebase-auth:21.0.1] AndroidManifest.xml:66:13-35
172            android:exported="false" >
172-->[com.google.firebase:firebase-auth:21.0.1] AndroidManifest.xml:67:13-37
173            <intent-filter>
173-->[com.google.firebase:firebase-auth:21.0.1] AndroidManifest.xml:68:13-72:29
174                <action android:name="com.google.firebase.auth.api.gms.service.START" />
174-->[com.google.firebase:firebase-auth:21.0.1] AndroidManifest.xml:69:17-89
174-->[com.google.firebase:firebase-auth:21.0.1] AndroidManifest.xml:69:25-86
175
176                <category android:name="android.intent.category.DEFAULT" />
176-->src\main\AndroidManifest.xml:23:17-76
176-->src\main\AndroidManifest.xml:23:27-73
177            </intent-filter>
178        </service>
179
180        <provider
180-->[com.google.firebase:firebase-common:20.0.0] AndroidManifest.xml:26:9-31:39
181            android:name="com.google.firebase.provider.FirebaseInitProvider"
181-->[com.google.firebase:firebase-common:20.0.0] AndroidManifest.xml:27:13-77
182            android:authorities="com.cezar.ecommerce_app.firebaseinitprovider"
182-->[com.google.firebase:firebase-common:20.0.0] AndroidManifest.xml:28:13-72
183            android:directBootAware="true"
183-->[com.google.firebase:firebase-common:20.0.0] AndroidManifest.xml:29:13-43
184            android:exported="false"
184-->[com.google.firebase:firebase-common:20.0.0] AndroidManifest.xml:30:13-37
185            android:initOrder="100" />
185-->[com.google.firebase:firebase-common:20.0.0] AndroidManifest.xml:31:13-36
186
187        <activity
187-->[com.google.android.gms:play-services-auth:16.0.1] AndroidManifest.xml:23:9-27:75
188            android:name="com.google.android.gms.auth.api.signin.internal.SignInHubActivity"
188-->[com.google.android.gms:play-services-auth:16.0.1] AndroidManifest.xml:24:13-93
189            android:excludeFromRecents="true"
189-->[com.google.android.gms:play-services-auth:16.0.1] AndroidManifest.xml:25:13-46
190            android:exported="false"
190-->[com.google.android.gms:play-services-auth:16.0.1] AndroidManifest.xml:26:13-37
191            android:theme="@android:style/Theme.Translucent.NoTitleBar" />
191-->[com.google.android.gms:play-services-auth:16.0.1] AndroidManifest.xml:27:13-72
192        <!--
193            Service handling Google Sign-In user revocation. For apps that do not integrate with
194            Google Sign-In, this service will never be started.
195        -->
196        <service
196-->[com.google.android.gms:play-services-auth:16.0.1] AndroidManifest.xml:33:9-36:110
197            android:name="com.google.android.gms.auth.api.signin.RevocationBoundService"
197-->[com.google.android.gms:play-services-auth:16.0.1] AndroidManifest.xml:34:13-89
198            android:exported="true"
198-->[com.google.android.gms:play-services-auth:16.0.1] AndroidManifest.xml:35:13-36
199            android:permission="com.google.android.gms.auth.api.signin.permission.REVOCATION_NOTIFICATION" />
199-->[com.google.android.gms:play-services-auth:16.0.1] AndroidManifest.xml:36:13-107
200
201        <activity
201-->[com.google.android.gms:play-services-base:17.1.0] AndroidManifest.xml:23:9-26:75
202            android:name="com.google.android.gms.common.api.GoogleApiActivity"
202-->[com.google.android.gms:play-services-base:17.1.0] AndroidManifest.xml:24:13-79
203            android:exported="false"
203-->[com.google.android.gms:play-services-base:17.1.0] AndroidManifest.xml:25:13-37
204            android:theme="@android:style/Theme.Translucent.NoTitleBar" />
204-->[com.google.android.gms:play-services-base:17.1.0] AndroidManifest.xml:26:13-72
205
206        <receiver
206-->[com.google.android.gms:play-services-measurement:19.0.1] AndroidManifest.xml:29:9-33:20
207            android:name="com.google.android.gms.measurement.AppMeasurementReceiver"
207-->[com.google.android.gms:play-services-measurement:19.0.1] AndroidManifest.xml:30:13-85
208            android:enabled="true"
208-->[com.google.android.gms:play-services-measurement:19.0.1] AndroidManifest.xml:31:13-35
209            android:exported="false" >
209-->[com.google.android.gms:play-services-measurement:19.0.1] AndroidManifest.xml:32:13-37
210        </receiver>
211
212        <service
212-->[com.google.android.gms:play-services-measurement:19.0.1] AndroidManifest.xml:35:9-38:40
213            android:name="com.google.android.gms.measurement.AppMeasurementService"
213-->[com.google.android.gms:play-services-measurement:19.0.1] AndroidManifest.xml:36:13-84
214            android:enabled="true"
214-->[com.google.android.gms:play-services-measurement:19.0.1] AndroidManifest.xml:37:13-35
215            android:exported="false" />
215-->[com.google.android.gms:play-services-measurement:19.0.1] AndroidManifest.xml:38:13-37
216        <service
216-->[com.google.android.gms:play-services-measurement:19.0.1] AndroidManifest.xml:39:9-43:72
217            android:name="com.google.android.gms.measurement.AppMeasurementJobService"
217-->[com.google.android.gms:play-services-measurement:19.0.1] AndroidManifest.xml:40:13-87
218            android:enabled="true"
218-->[com.google.android.gms:play-services-measurement:19.0.1] AndroidManifest.xml:41:13-35
219            android:exported="false"
219-->[com.google.android.gms:play-services-measurement:19.0.1] AndroidManifest.xml:42:13-37
220            android:permission="android.permission.BIND_JOB_SERVICE" />
220-->[com.google.android.gms:play-services-measurement:19.0.1] AndroidManifest.xml:43:13-69
221
222        <meta-data
222-->[com.google.android.gms:play-services-basement:17.1.0] AndroidManifest.xml:23:9-25:69
223            android:name="com.google.android.gms.version"
223-->[com.google.android.gms:play-services-basement:17.1.0] AndroidManifest.xml:24:13-58
224            android:value="@integer/google_play_services_version" />
224-->[com.google.android.gms:play-services-basement:17.1.0] AndroidManifest.xml:25:13-66
225    </application>
226
227</manifest>